---------------------------------------------------------------

[2020-05-07T10:57:40+08:00] 127.0.0.1 GET www.hisi.com/admin.php/brand/type/index.html
[è¿è¡Œæ—¶é—´ï¼š2.264638s] [ååç‡ï¼š0.44req/s] [å†…å­˜æ¶ˆè€—ï¼š2,945.54kb] [æ–‡ä»¶åŠ è½½ï¼š102]
[ error ] [2002]SQLSTATE[HY000] [2002] ÓÉÓÚÄ¿±ê¼ÆËã»ú»ı¼«¾Ü¾ø£¬ÎŞ·¨Á¬½Ó¡£
[E:\phpStudy\PHPTutorial\WWW\hisiphp\thinkphp\library\think\db\Connection.php:528]
---------------------------------------------------------------

[2020-05-07T10:57:42+08:00] 127.0.0.1 GET www.hisi.com/admin.php/brand/type/index.html
[è¿è¡Œæ—¶é—´ï¼š2.110612s] [ååç‡ï¼š0.47req/s] [å†…å­˜æ¶ˆè€—ï¼š2,945.77kb] [æ–‡ä»¶åŠ è½½ï¼š102]
[ error ] [2002]SQLSTATE[HY000] [2002] ÓÉÓÚÄ¿±ê¼ÆËã»ú»ı¼«¾Ü¾ø£¬ÎŞ·¨Á¬½Ó¡£
[E:\phpStudy\PHPTutorial\WWW\hisiphp\thinkphp\library\think\db\Connection.php:528]
---------------------------------------------------------------

[2020-05-07T11:28:21+08:00] 127.0.0.1 GET www.hisi.com/admin.php/brand/type/index.html
[è¿è¡Œæ—¶é—´ï¼š2.126524s] [ååç‡ï¼š0.47req/s] [å†…å­˜æ¶ˆè€—ï¼š2,945.20kb] [æ–‡ä»¶åŠ è½½ï¼š102]
[ error ] [2002]SQLSTATE[HY000] [2002] ÓÉÓÚÄ¿±ê¼ÆËã»ú»ı¼«¾Ü¾ø£¬ÎŞ·¨Á¬½Ó¡£
[E:\phpStudy\PHPTutorial\WWW\hisiphp\thinkphp\library\think\db\Connection.php:528]
---------------------------------------------------------------

[2020-05-07T11:28:27+08:00] 127.0.0.1 GET www.hisi.com/admin.php/brand/type/index.html
[è¿è¡Œæ—¶é—´ï¼š2.085083s] [ååç‡ï¼š0.48req/s] [å†…å­˜æ¶ˆè€—ï¼š2,945.20kb] [æ–‡ä»¶åŠ è½½ï¼š102]
[ error ] [2002]SQLSTATE[HY000] [2002] ÓÉÓÚÄ¿±ê¼ÆËã»ú»ı¼«¾Ü¾ø£¬ÎŞ·¨Á¬½Ó¡£
[E:\phpStudy\PHPTutorial\WWW\hisiphp\thinkphp\library\think\db\Connection.php:528]
---------------------------------------------------------------

[2020-05-07T11:28:56+08:00] 127.0.0.1 GET www.hisi.com/admin.php/brand/type/index.html
[è¿è¡Œæ—¶é—´ï¼š2.164074s] [ååç‡ï¼š0.46req/s] [å†…å­˜æ¶ˆè€—ï¼š2,945.20kb] [æ–‡ä»¶åŠ è½½ï¼š102]
[ error ] [2002]SQLSTATE[HY000] [2002] ÓÉÓÚÄ¿±ê¼ÆËã»ú»ı¼«¾Ü¾ø£¬ÎŞ·¨Á¬½Ó¡£
[E:\phpStudy\PHPTutorial\WWW\hisiphp\thinkphp\library\think\db\Connection.php:528]
---------------------------------------------------------------

[2020-05-07T11:28:59+08:00] 127.0.0.1 GET www.hisi.com/admin.php/brand/type/index.html
[è¿è¡Œæ—¶é—´ï¼š2.107665s] [ååç‡ï¼š0.47req/s] [å†…å­˜æ¶ˆè€—ï¼š2,945.20kb] [æ–‡ä»¶åŠ è½½ï¼š102]
[ error ] [2002]SQLSTATE[HY000] [2002] ÓÉÓÚÄ¿±ê¼ÆËã»ú»ı¼«¾Ü¾ø£¬ÎŞ·¨Á¬½Ó¡£
[E:\phpStudy\PHPTutorial\WWW\hisiphp\thinkphp\library\think\db\Connection.php:528]
---------------------------------------------------------------

[2020-05-07T11:58:50+08:00] 127.0.0.1 GET www.hisi.com/admin.php/stock/index/index.html?page=1&limit=20
[è¿è¡Œæ—¶é—´ï¼š0.415262s] [ååç‡ï¼š2.41req/s] [å†…å­˜æ¶ˆè€—ï¼š3,345.41kb] [æ–‡ä»¶åŠ è½½ï¼š119]
[ error ] [10501]SQLSTATE[42S22]: Column not found: 1054 Unknown column 'sdyz_stock.kind_id' in 'on clause'[E:\phpStudy\PHPTutorial\WWW\hisiphp\thinkphp\library\think\db\Connection.php:687]
---------------------------------------------------------------

[2020-05-07T11:58:55+08:00] 127.0.0.1 GET www.hisi.com/admin.php/stock/index/index.html?page=1&limit=20
[è¿è¡Œæ—¶é—´ï¼š0.361560s] [ååç‡ï¼š2.77req/s] [å†…å­˜æ¶ˆè€—ï¼š3,345.41kb] [æ–‡ä»¶åŠ è½½ï¼š119]
[ error ] [10501]SQLSTATE[42S22]: Column not found: 1054 Unknown column 'sdyz_stock.kind_id' in 'on clause'[E:\phpStudy\PHPTutorial\WWW\hisiphp\thinkphp\library\think\db\Connection.php:687]
---------------------------------------------------------------

[2020-05-07T12:02:17+08:00] 127.0.0.1 GET www.hisi.com/admin.php/stock/index/index.html?page=1&limit=20
[è¿è¡Œæ—¶é—´ï¼š0.249771s] [ååç‡ï¼š4.00req/s] [å†…å­˜æ¶ˆè€—ï¼š3,348.30kb] [æ–‡ä»¶åŠ è½½ï¼š119]
[ error ] [10501]SQLSTATE[42S22]: Column not found: 1054 Unknown column 'sdyz_astigmatism.film_id' in 'on clause'[E:\phpStudy\PHPTutorial\WWW\hisiphp\thinkphp\library\think\db\Connection.php:687]
---------------------------------------------------------------

[2020-05-07T12:11:15+08:00] 127.0.0.1 GET www.hisi.com/admin.php/stock/index/add.html
[è¿è¡Œæ—¶é—´ï¼š1.021421s] [ååç‡ï¼š0.98req/s] [å†…å­˜æ¶ˆè€—ï¼š3,775.68kb] [æ–‡ä»¶åŠ è½½ï¼š127]
[ error ] [8]æœªå®šä¹‰å˜é‡: brand_list[E:\phpStudy\PHPTutorial\WWW\hisiphp\runtime\temp\fc7d8f097e71df35f6a2cc5a8fe19554.php:767]
---------------------------------------------------------------

[2020-05-07T12:23:55+08:00] 127.0.0.1 POST www.hisi.com/admin.php/stock/index/add.html
[è¿è¡Œæ—¶é—´ï¼š0.366202s] [ååç‡ï¼š2.73req/s] [å†…å­˜æ¶ˆè€—ï¼š3,322.06kb] [æ–‡ä»¶åŠ è½½ï¼š118]
[ error ] [0]æ•°æ®è¡¨å­—æ®µä¸å­˜åœ¨:[m_time][E:\phpStudy\PHPTutorial\WWW\hisiphp\thinkphp\library\think\db\Builder.php:138]
---------------------------------------------------------------

[2020-05-07T12:24:06+08:00] 127.0.0.1 POST www.hisi.com/admin.php/stock/index/add.html
[è¿è¡Œæ—¶é—´ï¼š0.234127s] [ååç‡ï¼š4.27req/s] [å†…å­˜æ¶ˆè€—ï¼š3,322.06kb] [æ–‡ä»¶åŠ è½½ï¼š118]
[ error ] [0]æ•°æ®è¡¨å­—æ®µä¸å­˜åœ¨:[m_time][E:\phpStudy\PHPTutorial\WWW\hisiphp\thinkphp\library\think\db\Builder.php:138]
---------------------------------------------------------------

[2020-05-07T13:23:12+08:00] 127.0.0.1 GET www.hisi.com/admin.php/stock/out/index.html
[è¿è¡Œæ—¶é—´ï¼š0.291448s] [ååç‡ï¼š3.43req/s] [å†…å­˜æ¶ˆè€—ï¼š3,152.41kb] [æ–‡ä»¶åŠ è½½ï¼š110]
[ error ] [0]è‡´å‘½é”™è¯¯: Call to undefined method app\stock\admin\Out::data_assign()[E:\phpStudy\PHPTutorial\WWW\hisiphp\application\stock\admin\Out.php:65]
---------------------------------------------------------------

[2020-05-07T13:23:23+08:00] 127.0.0.1 GET www.hisi.com/admin.php/stock/out/index.html?page=1&limit=20
[è¿è¡Œæ—¶é—´ï¼š0.130649s] [ååç‡ï¼š7.65req/s] [å†…å­˜æ¶ˆè€—ï¼š3,144.41kb] [æ–‡ä»¶åŠ è½½ï¼š109]
[ error ] [0]è‡´å‘½é”™è¯¯: Call to undefined method app\stock\admin\Out::join()[E:\phpStudy\PHPTutorial\WWW\hisiphp\application\stock\admin\Out.php:55]
---------------------------------------------------------------

[2020-05-07T13:23:33+08:00] 127.0.0.1 GET www.hisi.com/admin.php/stock/out/index.html?page=1&limit=20
[è¿è¡Œæ—¶é—´ï¼š0.559779s] [ååç‡ï¼š1.79req/s] [å†…å­˜æ¶ˆè€—ï¼š3,320.83kb] [æ–‡ä»¶åŠ è½½ï¼š117]
[ error ] [0]è‡´å‘½é”™è¯¯: Call to undefined method app\stock\admin\Out::join()[E:\phpStudy\PHPTutorial\WWW\hisiphp\application\stock\admin\Out.php:56]
---------------------------------------------------------------

[2020-05-07T13:24:02+08:00] 127.0.0.1 GET www.hisi.com/admin.php/stock/out/index.html?page=1&limit=20
[è¿è¡Œæ—¶é—´ï¼š0.221540s] [ååç‡ï¼š4.51req/s] [å†…å­˜æ¶ˆè€—ï¼š3,321.47kb] [æ–‡ä»¶åŠ è½½ï¼š117]
[ error ] [0]è‡´å‘½é”™è¯¯: Call to undefined method app\stock\admin\Out::join()[E:\phpStudy\PHPTutorial\WWW\hisiphp\application\stock\admin\Out.php:53]
---------------------------------------------------------------

[2020-05-07T13:24:13+08:00] 127.0.0.1 GET www.hisi.com/admin.php/stock/out/index.html?page=1&limit=20
[è¿è¡Œæ—¶é—´ï¼š0.303575s] [ååç‡ï¼š3.29req/s] [å†…å­˜æ¶ˆè€—ï¼š3,321.45kb] [æ–‡ä»¶åŠ è½½ï¼š117]
[ error ] [0]è‡´å‘½é”™è¯¯: Call to undefined method app\stock\admin\Out::join()[E:\phpStudy\PHPTutorial\WWW\hisiphp\application\stock\admin\Out.php:52]
---------------------------------------------------------------

[2020-05-07T13:28:58+08:00] 127.0.0.1 GET www.hisi.com/admin.php/stock/out/import.html
[è¿è¡Œæ—¶é—´ï¼š0.311007s] [ååç‡ï¼š3.22req/s] [å†…å­˜æ¶ˆè€—ï¼š3,500.11kb] [æ–‡ä»¶åŠ è½½ï¼š119]
[ error ] [0]è‡´å‘½é”™è¯¯: Class 'app\stock\admin\Kind' not found[E:\phpStudy\PHPTutorial\WWW\hisiphp\application\stock\admin\Out.php:92]
---------------------------------------------------------------

[2020-05-07T13:29:52+08:00] 127.0.0.1 POST www.hisi.com/admin.php/stock/out/import.html
[è¿è¡Œæ—¶é—´ï¼š0.369850s] [ååç‡ï¼š2.70req/s] [å†…å­˜æ¶ˆè€—ï¼š3,365.39kb] [æ–‡ä»¶åŠ è½½ï¼š117]
[ error ] [0]è‡´å‘½é”™è¯¯: Class 'app\stock\admin\Stock' not found[E:\phpStudy\PHPTutorial\WWW\hisiphp\application\stock\admin\Out.php:100]
---------------------------------------------------------------

[2020-05-07T13:30:04+08:00] 127.0.0.1 POST www.hisi.com/admin.php/stock/out/import.html
[è¿è¡Œæ—¶é—´ï¼š0.324491s] [ååç‡ï¼š3.08req/s] [å†…å­˜æ¶ˆè€—ï¼š3,365.39kb] [æ–‡ä»¶åŠ è½½ï¼š117]
[ error ] [0]è‡´å‘½é”™è¯¯: Class 'app\stock\admin\Stock' not found[E:\phpStudy\PHPTutorial\WWW\hisiphp\application\stock\admin\Out.php:100]
---------------------------------------------------------------

[2020-05-07T14:04:53+08:00] 127.0.0.1 GET www.hisi.com/admin.php/stock/index/detail.html
[è¿è¡Œæ—¶é—´ï¼š1.246442s] [ååç‡ï¼š0.80req/s] [å†…å­˜æ¶ˆè€—ï¼š3,853.95kb] [æ–‡ä»¶åŠ è½½ï¼š128]
[ error ] [8]æœªå®šä¹‰å˜é‡: series_list[E:\phpStudy\PHPTutorial\WWW\hisiphp\runtime\temp\c050712381c01ce3ce6bb69b382faca0.php:828]
---------------------------------------------------------------

[2020-05-07T14:15:20+08:00] 127.0.0.1 GET www.hisi.com/admin.php/stock/index/detail.html
[è¿è¡Œæ—¶é—´ï¼š0.131864s] [ååç‡ï¼š7.58req/s] [å†…å­˜æ¶ˆè€—ï¼š3,094.55kb] [æ–‡ä»¶åŠ è½½ï¼š106]
[ error ] [0]è¯­æ³•è§£æé”™è¯¯: syntax error, unexpected 'return' (T_RETURN)[E:\phpStudy\PHPTutorial\WWW\hisiphp\application\stock\admin\Index.php:155]
---------------------------------------------------------------

[2020-05-07T14:16:10+08:00] 127.0.0.1 GET www.hisi.com/admin.php/stock/index/detail.html
[è¿è¡Œæ—¶é—´ï¼š0.114579s] [ååç‡ï¼š8.73req/s] [å†…å­˜æ¶ˆè€—ï¼š3,094.73kb] [æ–‡ä»¶åŠ è½½ï¼š106]
[ error ] [0]è¯­æ³•è§£æé”™è¯¯: syntax error, unexpected 'return' (T_RETURN)[E:\phpStudy\PHPTutorial\WWW\hisiphp\application\stock\admin\Index.php:156]
---------------------------------------------------------------

[2020-05-07T14:17:26+08:00] 127.0.0.1 GET www.hisi.com/admin.php/stock/index/detail.html
[è¿è¡Œæ—¶é—´ï¼š0.146938s] [ååç‡ï¼š6.81req/s] [å†…å­˜æ¶ˆè€—ï¼š3,094.23kb] [æ–‡ä»¶åŠ è½½ï¼š106]
[ error ] [0]è¯­æ³•è§£æé”™è¯¯: syntax error, unexpected end of file[E:\phpStudy\PHPTutorial\WWW\hisiphp\application\stock\admin\Index.php:162]
---------------------------------------------------------------

[2020-05-07T14:17:39+08:00] 127.0.0.1 GET www.hisi.com/admin.php/stock/index/index.html
[è¿è¡Œæ—¶é—´ï¼š0.108362s] [ååç‡ï¼š9.23req/s] [å†…å­˜æ¶ˆè€—ï¼š3,094.54kb] [æ–‡ä»¶åŠ è½½ï¼š106]
[ error ] [0]è¯­æ³•è§£æé”™è¯¯: syntax error, unexpected end of file[E:\phpStudy\PHPTutorial\WWW\hisiphp\application\stock\admin\Index.php:162]
